2026.01.28 10:23:22 INFO  Started: Metals version 1.6.5 in folders '/Users/paulpitiot/Library/Mobile Documents/com~apple~CloudDocs/ING 2/S2/Prog Fonctionnel/Fonction/Scala' for client Visual Studio Code 1.108.2.
2026.01.28 10:23:22 INFO  Memory monitor started
2026.01.28 10:23:22 WARN  Using H2 2.4.240 which is newer than the version Flyway has been verified with. The latest verified version of H2 is 2.3.232.
2026.01.28 10:23:22 INFO  no build target found for /Users/paulpitiot/Library/Mobile Documents/com~apple~CloudDocs/ING 2/S2/Prog Fonctionnel/Fonction/Scala/scala-3-project-template/src/main/scala/Main.scala. Using presentation compiler with project's scala-library version: 3.3.7
janv. 28, 2026 10:23:24 AM org.eclipse.lsp4j.jsonrpc.RemoteEndpoint handleCancellation
WARNING: Unmatched cancel notification for request id 1
janv. 28, 2026 10:23:24 AM org.eclipse.lsp4j.jsonrpc.RemoteEndpoint handleCancellation
WARNING: Unmatched cancel notification for request id 2
2026.01.28 10:23:25 INFO  no build target found for /Users/paulpitiot/Library/Mobile Documents/com~apple~CloudDocs/ING 2/S2/Prog Fonctionnel/Fonction/Scala/scala-3-project-template/src/main/scala/Main.scala. Using presentation compiler with project's scala-library version: 3.3.7
2026.01.28 10:23:26 INFO  no build target found for /Users/paulpitiot/Library/Mobile Documents/com~apple~CloudDocs/ING 2/S2/Prog Fonctionnel/Fonction/Scala/scala-3-project-template/src/main/scala/Main.scala. Using presentation compiler with project's scala-library version: 3.3.7
2026.01.28 10:23:30 INFO  no build target found for /Users/paulpitiot/Library/Mobile Documents/com~apple~CloudDocs/ING 2/S2/Prog Fonctionnel/Fonction/Scala/scala-3-project-template/src/main/scala/Main.scala. Using presentation compiler with project's scala-library version: 3.3.7
2026.01.28 10:23:30 WARN  no build target for: /Users/paulpitiot/Library/Mobile Documents/com~apple~CloudDocs/ING 2/S2/Prog Fonctionnel/Fonction/Scala/scala-3-project-template/src/main/scala/Main.scala
2026.01.28 10:23:30 INFO  no build target found for /Users/paulpitiot/Library/Mobile Documents/com~apple~CloudDocs/ING 2/S2/Prog Fonctionnel/Fonction/Scala/scala-3-project-template/src/main/scala/Main.scala. Using presentation compiler with project's scala-library version: 3.3.7
2026.01.28 10:23:30 INFO  no build target found for /Users/paulpitiot/Library/Mobile Documents/com~apple~CloudDocs/ING 2/S2/Prog Fonctionnel/Fonction/Scala/scala-3-project-template/src/main/scala/Main.scala. Using presentation compiler with project's scala-library version: 3.3.7
2026.01.28 10:23:33 INFO  no build target found for /Users/paulpitiot/Library/Mobile Documents/com~apple~CloudDocs/ING 2/S2/Prog Fonctionnel/Fonction/Scala/scala-3-project-template/src/main/scala/Main.scala. Using presentation compiler with project's scala-library version: 3.3.7
2026.01.28 10:55:11 INFO  no build target found for /Users/paulpitiot/Library/Mobile Documents/com~apple~CloudDocs/ING 2/S2/Prog Fonctionnel/Fonction/Scala/scala-3-project-template/src/main/scala/Main.scala. Using presentation compiler with project's scala-library version: 3.3.7
2026.01.28 10:55:11 INFO  no build target found for /Users/paulpitiot/Library/Mobile Documents/com~apple~CloudDocs/ING 2/S2/Prog Fonctionnel/Fonction/Scala/scala-3-project-template/src/main/scala/Main.scala. Using presentation compiler with project's scala-library version: 3.3.7
2026.01.28 10:55:12 INFO  no build target found for /Users/paulpitiot/Library/Mobile Documents/com~apple~CloudDocs/ING 2/S2/Prog Fonctionnel/Fonction/Scala/scala-3-project-template/src/main/scala/Main.scala. Using presentation compiler with project's scala-library version: 3.3.7
2026.01.28 10:55:12 INFO  no build target found for /Users/paulpitiot/Library/Mobile Documents/com~apple~CloudDocs/ING 2/S2/Prog Fonctionnel/Fonction/Scala/scala-3-project-template/src/main/scala/Main.scala. Using presentation compiler with project's scala-library version: 3.3.7
2026.01.28 10:55:14 INFO  no build target found for /Users/paulpitiot/Library/Mobile Documents/com~apple~CloudDocs/ING 2/S2/Prog Fonctionnel/Fonction/Scala/scala-3-project-template/src/main/scala/Main.scala. Using presentation compiler with project's scala-library version: 3.3.7
2026.01.28 10:55:14 INFO  no build target found for /Users/paulpitiot/Library/Mobile Documents/com~apple~CloudDocs/ING 2/S2/Prog Fonctionnel/Fonction/Scala/scala-3-project-template/src/main/scala/Main.scala. Using presentation compiler with project's scala-library version: 3.3.7
2026.01.28 10:55:14 INFO  no build target found for /Users/paulpitiot/Library/Mobile Documents/com~apple~CloudDocs/ING 2/S2/Prog Fonctionnel/Fonction/Scala/scala-3-project-template/src/main/scala/Main.scala. Using presentation compiler with project's scala-library version: 3.3.7
2026.01.28 10:55:28 INFO  no build target found for /Users/paulpitiot/Library/Mobile Documents/com~apple~CloudDocs/ING 2/S2/Prog Fonctionnel/Fonction/Scala/scala-3-project-template/src/main/scala/Main.scala. Using presentation compiler with project's scala-library version: 3.3.7
2026.01.28 10:56:37 INFO  no build target found for /Users/paulpitiot/Library/Mobile Documents/com~apple~CloudDocs/ING 2/S2/Prog Fonctionnel/Fonction/Scala/scala-3-project-template/src/main/scala/Main.scala. Using presentation compiler with project's scala-library version: 3.3.7
2026.01.28 10:56:37 INFO  no build target found for /Users/paulpitiot/Library/Mobile Documents/com~apple~CloudDocs/ING 2/S2/Prog Fonctionnel/Fonction/Scala/scala-3-project-template/src/main/scala/Main.scala. Using presentation compiler with project's scala-library version: 3.3.7
2026.01.28 10:56:38 INFO  no build target found for /Users/paulpitiot/Library/Mobile Documents/com~apple~CloudDocs/ING 2/S2/Prog Fonctionnel/Fonction/Scala/scala-3-project-template/src/main/scala/Main.scala. Using presentation compiler with project's scala-library version: 3.3.7
2026.01.28 10:56:41 INFO  no build target found for /Users/paulpitiot/Library/Mobile Documents/com~apple~CloudDocs/ING 2/S2/Prog Fonctionnel/Fonction/Scala/scala-3-project-template/src/main/scala/Main.scala. Using presentation compiler with project's scala-library version: 3.3.7
2026.01.28 10:57:30 INFO  no build target found for /Users/paulpitiot/Library/Mobile Documents/com~apple~CloudDocs/ING 2/S2/Prog Fonctionnel/Fonction/Scala/scala-3-project-template/src/main/scala/Main.scala. Using presentation compiler with project's scala-library version: 3.3.7
2026.01.28 10:57:30 INFO  no build target found for /Users/paulpitiot/Library/Mobile Documents/com~apple~CloudDocs/ING 2/S2/Prog Fonctionnel/Fonction/Scala/scala-3-project-template/src/main/scala/Main.scala. Using presentation compiler with project's scala-library version: 3.3.7
2026.01.28 10:57:32 INFO  no build target found for /Users/paulpitiot/Library/Mobile Documents/com~apple~CloudDocs/ING 2/S2/Prog Fonctionnel/Fonction/Scala/scala-3-project-template/src/main/scala/Main.scala. Using presentation compiler with project's scala-library version: 3.3.7
2026.01.28 10:57:32 INFO  no build target found for /Users/paulpitiot/Library/Mobile Documents/com~apple~CloudDocs/ING 2/S2/Prog Fonctionnel/Fonction/Scala/scala-3-project-template/src/main/scala/Main.scala. Using presentation compiler with project's scala-library version: 3.3.7
2026.01.28 10:57:32 INFO  no build target found for /Users/paulpitiot/Library/Mobile Documents/com~apple~CloudDocs/ING 2/S2/Prog Fonctionnel/Fonction/Scala/scala-3-project-template/src/main/scala/Main.scala. Using presentation compiler with project's scala-library version: 3.3.7
2026.01.28 10:57:32 INFO  no build target found for /Users/paulpitiot/Library/Mobile Documents/com~apple~CloudDocs/ING 2/S2/Prog Fonctionnel/Fonction/Scala/scala-3-project-template/src/main/scala/Main.scala. Using presentation compiler with project's scala-library version: 3.3.7
2026.01.28 10:57:33 INFO  no build target found for /Users/paulpitiot/Library/Mobile Documents/com~apple~CloudDocs/ING 2/S2/Prog Fonctionnel/Fonction/Scala/scala-3-project-template/src/main/scala/Main.scala. Using presentation compiler with project's scala-library version: 3.3.7
2026.01.28 10:57:33 INFO  no build target found for /Users/paulpitiot/Library/Mobile Documents/com~apple~CloudDocs/ING 2/S2/Prog Fonctionnel/Fonction/Scala/scala-3-project-template/src/main/scala/Main.scala. Using presentation compiler with project's scala-library version: 3.3.7
2026.01.28 10:57:33 INFO  no build target found for /Users/paulpitiot/Library/Mobile Documents/com~apple~CloudDocs/ING 2/S2/Prog Fonctionnel/Fonction/Scala/scala-3-project-template/src/main/scala/Main.scala. Using presentation compiler with project's scala-library version: 3.3.7
2026.01.28 10:57:34 INFO  no build target found for /Users/paulpitiot/Library/Mobile Documents/com~apple~CloudDocs/ING 2/S2/Prog Fonctionnel/Fonction/Scala/scala-3-project-template/src/main/scala/Main.scala. Using presentation compiler with project's scala-library version: 3.3.7
2026.01.28 10:57:34 WARN  no build target for: /Users/paulpitiot/Library/Mobile Documents/com~apple~CloudDocs/ING 2/S2/Prog Fonctionnel/Fonction/Scala/scala-3-project-template/src/main/scala/Main.scala
2026.01.28 10:57:34 INFO  no build target found for /Users/paulpitiot/Library/Mobile Documents/com~apple~CloudDocs/ING 2/S2/Prog Fonctionnel/Fonction/Scala/scala-3-project-template/src/main/scala/Main.scala. Using presentation compiler with project's scala-library version: 3.3.7
2026.01.28 10:57:39 INFO  no build target found for /Users/paulpitiot/Library/Mobile Documents/com~apple~CloudDocs/ING 2/S2/Prog Fonctionnel/Fonction/Scala/scala-3-project-template/src/main/scala/Main.scala. Using presentation compiler with project's scala-library version: 3.3.7
2026.01.28 10:57:42 INFO  no build target found for /Users/paulpitiot/Library/Mobile Documents/com~apple~CloudDocs/ING 2/S2/Prog Fonctionnel/Fonction/Scala/scala-3-project-template/src/main/scala/Main.scala. Using presentation compiler with project's scala-library version: 3.3.7
2026.01.28 10:57:42 INFO  no build target found for /Users/paulpitiot/Library/Mobile Documents/com~apple~CloudDocs/ING 2/S2/Prog Fonctionnel/Fonction/Scala/scala-3-project-template/src/main/scala/Main.scala. Using presentation compiler with project's scala-library version: 3.3.7
2026.01.28 10:57:51 INFO  no build target found for /Users/paulpitiot/Library/Mobile Documents/com~apple~CloudDocs/ING 2/S2/Prog Fonctionnel/Fonction/Scala/scala-3-project-template/src/main/scala/Main.scala. Using presentation compiler with project's scala-library version: 3.3.7
2026.01.28 10:57:51 INFO  no build target found for /Users/paulpitiot/Library/Mobile Documents/com~apple~CloudDocs/ING 2/S2/Prog Fonctionnel/Fonction/Scala/scala-3-project-template/src/main/scala/Main.scala. Using presentation compiler with project's scala-library version: 3.3.7
2026.01.28 10:57:52 INFO  no build target found for /Users/paulpitiot/Library/Mobile Documents/com~apple~CloudDocs/ING 2/S2/Prog Fonctionnel/Fonction/Scala/scala-3-project-template/src/main/scala/Main.scala. Using presentation compiler with project's scala-library version: 3.3.7
2026.01.28 10:57:59 INFO  no build target found for /Users/paulpitiot/Library/Mobile Documents/com~apple~CloudDocs/ING 2/S2/Prog Fonctionnel/Fonction/Scala/scala-3-project-template/src/main/scala/Main.scala. Using presentation compiler with project's scala-library version: 3.3.7
2026.01.28 10:57:59 INFO  no build target found for /Users/paulpitiot/Library/Mobile Documents/com~apple~CloudDocs/ING 2/S2/Prog Fonctionnel/Fonction/Scala/scala-3-project-template/src/main/scala/Main.scala. Using presentation compiler with project's scala-library version: 3.3.7
2026.01.28 10:57:59 INFO  no build target found for /Users/paulpitiot/Library/Mobile Documents/com~apple~CloudDocs/ING 2/S2/Prog Fonctionnel/Fonction/Scala/scala-3-project-template/src/main/scala/Main.scala. Using presentation compiler with project's scala-library version: 3.3.7
2026.01.28 10:58:01 INFO  no build target found for /Users/paulpitiot/Library/Mobile Documents/com~apple~CloudDocs/ING 2/S2/Prog Fonctionnel/Fonction/Scala/scala-3-project-template/src/main/scala/Main.scala. Using presentation compiler with project's scala-library version: 3.3.7
2026.01.28 10:58:01 INFO  no build target found for /Users/paulpitiot/Library/Mobile Documents/com~apple~CloudDocs/ING 2/S2/Prog Fonctionnel/Fonction/Scala/scala-3-project-template/src/main/scala/Main.scala. Using presentation compiler with project's scala-library version: 3.3.7
2026.01.28 10:58:39 INFO  no build target found for /Users/paulpitiot/Library/Mobile Documents/com~apple~CloudDocs/ING 2/S2/Prog Fonctionnel/Fonction/Scala/scala-3-project-template/src/main/scala/Main.scala. Using presentation compiler with project's scala-library version: 3.3.7
janv. 28, 2026 10:58:57 AM org.eclipse.lsp4j.jsonrpc.services.GenericEndpoint notify
INFO: Unsupported notification method: $/setTrace
2026.01.28 10:58:57 INFO  no build target found for /Users/paulpitiot/Library/Mobile Documents/com~apple~CloudDocs/ING 2/S2/Prog Fonctionnel/Fonction/Scala/scala-3-project-template/src/main/scala/Main.scala. Using presentation compiler with project's scala-library version: 3.3.7
2026.01.28 10:59:30 INFO  no build target found for /Users/paulpitiot/Library/Mobile Documents/com~apple~CloudDocs/ING 2/S2/Prog Fonctionnel/Fonction/Scala/scala-3-project-template/src/main/scala/Main.scala. Using presentation compiler with project's scala-library version: 3.3.7
2026.01.28 10:59:33 INFO  no build target found for /Users/paulpitiot/Library/Mobile Documents/com~apple~CloudDocs/ING 2/S2/Prog Fonctionnel/Fonction/Scala/scala-3-project-template/src/main/scala/Main.scala. Using presentation compiler with project's scala-library version: 3.3.7
2026.01.28 10:59:47 INFO  no build target found for /Users/paulpitiot/Library/Mobile Documents/com~apple~CloudDocs/ING 2/S2/Prog Fonctionnel/Fonction/Scala/scala-3-project-template/src/main/scala/Main.scala. Using presentation compiler with project's scala-library version: 3.3.7
2026.01.28 11:00:33 INFO  no build target found for /Users/paulpitiot/Library/Mobile Documents/com~apple~CloudDocs/ING 2/S2/Prog Fonctionnel/Fonction/Scala/scala-3-project-template/src/main/scala/Main.scala. Using presentation compiler with project's scala-library version: 3.3.7
2026.01.28 11:00:35 INFO  no build target found for /Users/paulpitiot/Library/Mobile Documents/com~apple~CloudDocs/ING 2/S2/Prog Fonctionnel/Fonction/Scala/scala-3-project-template/src/main/scala/Main.scala. Using presentation compiler with project's scala-library version: 3.3.7
2026.01.28 11:02:39 INFO  no build target found for /Users/paulpitiot/Library/Mobile Documents/com~apple~CloudDocs/ING 2/S2/Prog Fonctionnel/Fonction/Scala/scala-3-project-template/src/main/scala/Main.scala. Using presentation compiler with project's scala-library version: 3.3.7
2026.01.28 11:02:50 INFO  no build target found for /Users/paulpitiot/Library/Mobile Documents/com~apple~CloudDocs/ING 2/S2/Prog Fonctionnel/Fonction/Scala/scala-3-project-template/src/main/scala/Main.scala. Using presentation compiler with project's scala-library version: 3.3.7
2026.01.28 11:03:21 INFO  no build target found for /Users/paulpitiot/Library/Mobile Documents/com~apple~CloudDocs/ING 2/S2/Prog Fonctionnel/Fonction/Scala/scala-3-project-template/src/main/scala/Main.scala. Using presentation compiler with project's scala-library version: 3.3.7
2026.01.28 11:03:24 INFO  no build target found for /Users/paulpitiot/Library/Mobile Documents/com~apple~CloudDocs/ING 2/S2/Prog Fonctionnel/Fonction/Scala/scala-3-project-template/src/main/scala/Main.scala. Using presentation compiler with project's scala-library version: 3.3.7
2026.01.28 11:03:31 INFO  no build target found for /Users/paulpitiot/Library/Mobile Documents/com~apple~CloudDocs/ING 2/S2/Prog Fonctionnel/Fonction/Scala/scala-3-project-template/src/main/scala/Main.scala. Using presentation compiler with project's scala-library version: 3.3.7
